<?xml version="1.0" encoding="UTF-8"?>
<!-- Generated by org.testng.reporters.JUnitReportReporter -->
<testsuite hostname="rentlycoimbatore-Latitude-5420" failures="0" tests="2" name="tests.gitTest" time="0.114" errors="0" timestamp="2025-05-22T17:01:19 IST" skipped="0">
  <testcase classname="tests.gitTest" name="addNewFile" time="0.092"/>
  <testcase classname="tests.gitTest" name="updateFile" time="0.022"/>
</testsuite> <!-- tests.gitTest -->
